<?xml version="1.0" encoding="UTF-8"?>
<testsuite xmlns:xsi="http://www.w3.org/2001/XMLSchema-instance" xsi:noNamespaceSchemaLocation="https://maven.apache.org/surefire/maven-surefire-plugin/xsd/surefire-test-report-3.0.xsd" version="3.0" name="com.automation.runners.TestRunnerTest" time="22.322" tests="7" errors="0" skipped="0" failures="0">
  <properties>
[...]
</properties>
  <testcase name="Verify login form elements are displayed" classname="Login Page Functionality" time="3.884">
    <system-out><![CDATA[
@smoke
Scenario: Verify login form elements are displayed # src/test/resources/features/login.feature:10
Login form is displayed as expected.
  Given I am on the login page                     # com.automation.stepdefinitions.LoginStepDefs.iAmOnTheLoginPage()
Login form is displayed as expected.
  Then the login form should be displayed          # com.automation.stepdefinitions.LoginStepDefs.theLoginFormShouldBeDisplayed()
Username input field is displayed as expected.
  And the username field should be displayed       # com.automation.stepdefinitions.LoginStepDefs.theUsernameFieldShouldBeDisplayed()
Password input field is displayed as expected.
  And the password field should be displayed       # com.automation.stepdefinitions.LoginStepDefs.thePasswordFieldShouldBeDisplayed()
Remember me checkbox is displayed as expected.
  And the remember me checkbox should be displayed # com.automation.stepdefinitions.LoginStepDefs.theRememberMeCheckboxShouldBeDisplayed()
Login button is displayed as expected.
  And the login button should be displayed         # com.automation.stepdefinitions.LoginStepDefs.theLoginButtonShouldBeDisplayed()

    Embedding Verify_login_form_elements_are_displayed [image/png 18789 bytes]

]]></system-out>
    <system-err><![CDATA[SLF4J(W): No SLF4J providers were found.
SLF4J(W): Defaulting to no-operation (NOP) logger implementation
SLF4J(W): See https://www.slf4j.org/codes.html#noProviders for further details.
May 22, 2025 4:28:11 PM org.openqa.selenium.devtools.CdpVersionFinder findNearestMatch
WARNING: Unable to find CDP implementation matching 136
May 22, 2025 4:28:11 PM org.openqa.selenium.chromium.ChromiumDriver lambda$new$5
WARNING: Unable to find version of CDP to use for 136.0.7103.114. You may need to include a dependency on a specific version of the CDP using something similar to `org.seleniumhq.selenium:selenium-devtools-v86:4.21.0` where the version ("v86") matches the version of the chromium-based browser you're using and the version number of the artifact is the same as Selenium's.
]]></system-err>
  </testcase>
  <testcase name="Login with empty fields" classname="Login Page Functionality" time="2.323">
    <system-out><![CDATA[
@smoke
Scenario: Login with empty fields               # src/test/resources/features/login.feature:18
Login form is displayed as expected.
  Given I am on the login page                  # com.automation.stepdefinitions.LoginStepDefs.iAmOnTheLoginPage()
  When I click the login button                 # com.automation.stepdefinitions.LoginStepDefs.iClickTheLoginButton()
  Then the form should show validation messages # com.automation.stepdefinitions.LoginStepDefs.theFormShouldShowValidationMessages()

    Embedding Login_with_empty_fields [image/png 20791 bytes]

]]></system-out>
    <system-err><![CDATA[May 22, 2025 4:28:14 PM org.openqa.selenium.devtools.CdpVersionFinder findNearestMatch
WARNING: Unable to find CDP implementation matching 136
May 22, 2025 4:28:14 PM org.openqa.selenium.chromium.ChromiumDriver lambda$new$5
WARNING: Unable to find version of CDP to use for 136.0.7103.114. You may need to include a dependency on a specific version of the CDP using something similar to `org.seleniumhq.selenium:selenium-devtools-v86:4.21.0` where the version ("v86") matches the version of the chromium-based browser you're using and the version number of the artifact is the same as Selenium's.
]]></system-err>
  </testcase>
  <testcase name="Successful login" classname="Login Page Functionality" time="3.499">
    <system-out><![CDATA[
@smoke
Scenario: Successful login                     # src/test/resources/features/login.feature:23
Login form is displayed as expected.
  Given I am on the login page                 # com.automation.stepdefinitions.LoginStepDefs.iAmOnTheLoginPage()
  When I enter username "admin"                # com.automation.stepdefinitions.LoginStepDefs.iEnterUsername(java.lang.String)
  And I enter password "password"              # com.automation.stepdefinitions.LoginStepDefs.iEnterPassword(java.lang.String)
  And I click the login button                 # com.automation.stepdefinitions.LoginStepDefs.iClickTheLoginButton()
  Then I should be redirected to the home page # com.automation.stepdefinitions.LoginStepDefs.iShouldBeRedirectedToTheHomePage()

    Embedding Successful_login [image/png 76174 bytes]

]]></system-out>
    <system-err><![CDATA[May 22, 2025 4:28:16 PM org.openqa.selenium.devtools.CdpVersionFinder findNearestMatch
WARNING: Unable to find CDP implementation matching 136
May 22, 2025 4:28:16 PM org.openqa.selenium.chromium.ChromiumDriver lambda$new$5
WARNING: Unable to find version of CDP to use for 136.0.7103.114. You may need to include a dependency on a specific version of the CDP using something similar to `org.seleniumhq.selenium:selenium-devtools-v86:4.21.0` where the version ("v86") matches the version of the chromium-based browser you're using and the version number of the artifact is the same as Selenium's.
]]></system-err>
  </testcase>
  <testcase name="Login with remember me checkbox" classname="Login Page Functionality" time="3.467">
    <system-out><![CDATA[
@smoke
Scenario: Login with remember me checkbox      # src/test/resources/features/login.feature:31
Login form is displayed as expected.
  Given I am on the login page                 # com.automation.stepdefinitions.LoginStepDefs.iAmOnTheLoginPage()
  When I enter username "admin"                # com.automation.stepdefinitions.LoginStepDefs.iEnterUsername(java.lang.String)
  And I enter password "password"              # com.automation.stepdefinitions.LoginStepDefs.iEnterPassword(java.lang.String)
  And I check the remember me checkbox         # com.automation.stepdefinitions.LoginStepDefs.iCheckTheRememberMeCheckbox()
  And I click the login button                 # com.automation.stepdefinitions.LoginStepDefs.iClickTheLoginButton()
  Then I should be redirected to the home page # com.automation.stepdefinitions.LoginStepDefs.iShouldBeRedirectedToTheHomePage()

    Embedding Login_with_remember_me_checkbox [image/png 76174 bytes]

]]></system-out>
    <system-err><![CDATA[May 22, 2025 4:28:20 PM org.openqa.selenium.devtools.CdpVersionFinder findNearestMatch
WARNING: Unable to find CDP implementation matching 136
May 22, 2025 4:28:20 PM org.openqa.selenium.chromium.ChromiumDriver lambda$new$5
WARNING: Unable to find version of CDP to use for 136.0.7103.114. You may need to include a dependency on a specific version of the CDP using something similar to `org.seleniumhq.selenium:selenium-devtools-v86:4.21.0` where the version ("v86") matches the version of the chromium-based browser you're using and the version number of the artifact is the same as Selenium's.
]]></system-err>
  </testcase>
  <testcase name="Login with different credentials #1" classname="Login Page Functionality" time="2.384">
    <system-out><![CDATA[
@smoke
Scenario Outline: Login with different credentials                   # src/test/resources/features/login.feature:48
Login form is displayed as expected.
  Given I am on the login page                                       # com.automation.stepdefinitions.LoginStepDefs.iAmOnTheLoginPage()
  When I enter username "admin"                                      # com.automation.stepdefinitions.LoginStepDefs.iEnterUsername(java.lang.String)
  And I enter password "wrong123"                                    # com.automation.stepdefinitions.LoginStepDefs.iEnterPassword(java.lang.String)
  And I click the login button                                       # com.automation.stepdefinitions.LoginStepDefs.iClickTheLoginButton()
  Then I should see the error message "Invalid username or password" # com.automation.stepdefinitions.LoginStepDefs.iShouldSeeTheErrorMessage(java.lang.String)

    Embedding Login_with_different_credentials [image/png 18820 bytes]

]]></system-out>
    <system-err><![CDATA[May 22, 2025 4:28:23 PM org.openqa.selenium.devtools.CdpVersionFinder findNearestMatch
WARNING: Unable to find CDP implementation matching 136
May 22, 2025 4:28:23 PM org.openqa.selenium.chromium.ChromiumDriver lambda$new$5
WARNING: Unable to find version of CDP to use for 136.0.7103.114. You may need to include a dependency on a specific version of the CDP using something similar to `org.seleniumhq.selenium:selenium-devtools-v86:4.21.0` where the version ("v86") matches the version of the chromium-based browser you're using and the version number of the artifact is the same as Selenium's.
]]></system-err>
  </testcase>
  <testcase name="Login with different credentials #2" classname="Login Page Functionality" time="2.384">
    <system-out><![CDATA[
@smoke
Scenario Outline: Login with different credentials                   # src/test/resources/features/login.feature:49
Login form is displayed as expected.
  Given I am on the login page                                       # com.automation.stepdefinitions.LoginStepDefs.iAmOnTheLoginPage()
  When I enter username "invalid"                                    # com.automation.stepdefinitions.LoginStepDefs.iEnterUsername(java.lang.String)
  And I enter password "password"                                    # com.automation.stepdefinitions.LoginStepDefs.iEnterPassword(java.lang.String)
  And I click the login button                                       # com.automation.stepdefinitions.LoginStepDefs.iClickTheLoginButton()
  Then I should see the error message "Invalid username or password" # com.automation.stepdefinitions.LoginStepDefs.iShouldSeeTheErrorMessage(java.lang.String)

    Embedding Login_with_different_credentials [image/png 18926 bytes]

]]></system-out>
    <system-err><![CDATA[May 22, 2025 4:28:25 PM org.openqa.selenium.devtools.CdpVersionFinder findNearestMatch
WARNING: Unable to find CDP implementation matching 136
May 22, 2025 4:28:25 PM org.openqa.selenium.chromium.ChromiumDriver lambda$new$5
WARNING: Unable to find version of CDP to use for 136.0.7103.114. You may need to include a dependency on a specific version of the CDP using something similar to `org.seleniumhq.selenium:selenium-devtools-v86:4.21.0` where the version ("v86") matches the version of the chromium-based browser you're using and the version number of the artifact is the same as Selenium's.
]]></system-err>
  </testcase>
  <testcase name="Login with different credentials #3" classname="Login Page Functionality" time="2.443">
    <system-out><![CDATA[
@smoke
Scenario Outline: Login with different credentials                   # src/test/resources/features/login.feature:50
Login form is displayed as expected.
  Given I am on the login page                                       # com.automation.stepdefinitions.LoginStepDefs.iAmOnTheLoginPage()
  When I enter username "invalid"                                    # com.automation.stepdefinitions.LoginStepDefs.iEnterUsername(java.lang.String)
  And I enter password "wrong123"                                    # com.automation.stepdefinitions.LoginStepDefs.iEnterPassword(java.lang.String)
  And I click the login button                                       # com.automation.stepdefinitions.LoginStepDefs.iClickTheLoginButton()
  Then I should see the error message "Invalid username or password" # com.automation.stepdefinitions.LoginStepDefs.iShouldSeeTheErrorMessage(java.lang.String)

    Embedding Login_with_different_credentials [image/png 18926 bytes]

]]></system-out>
    <system-err><![CDATA[May 22, 2025 4:28:28 PM org.openqa.selenium.devtools.CdpVersionFinder findNearestMatch
WARNING: Unable to find CDP implementation matching 136
May 22, 2025 4:28:28 PM org.openqa.selenium.chromium.ChromiumDriver lambda$new$5
WARNING: Unable to find version of CDP to use for 136.0.7103.114. You may need to include a dependency on a specific version of the CDP using something similar to `org.seleniumhq.selenium:selenium-devtools-v86:4.21.0` where the version ("v86") matches the version of the chromium-based browser you're using and the version number of the artifact is the same as Selenium's.
]]></system-err>
  </testcase>
</testsuite>